0 info it worked if it ends with ok
1 verbose cli [ '/Users/buting/.nvm/versions/node/v5.11.1/bin/node',
1 verbose cli   '/Users/buting/.nvm/versions/node/v5.11.1/bin/npm',
1 verbose cli   'run',
1 verbose cli   'build' ]
2 info using npm@3.8.6
3 info using node@v5.11.1
4 verbose run-script [ 'prebuild', 'build', 'postbuild' ]
5 info lifecycle wdui@0.0.5~prebuild: wdui@0.0.5
6 silly lifecycle wdui@0.0.5~prebuild: no script for prebuild, continuing
7 info lifecycle wdui@0.0.5~build: wdui@0.0.5
8 verbose lifecycle wdui@0.0.5~build: unsafe-perm in lifecycle true
9 verbose lifecycle wdui@0.0.5~build: PATH: /Users/buting/.nvm/versions/node/v5.11.1/lib/node_modules/npm/bin/node-gyp-bin:/Users/buting/Documents/code/others/wdui/node_modules/.bin:/Users/buting/.nvm/versions/node/v5.11.1/bin:/Users/buting/.nvm/versions/node/v5.11.1/bin:/Users/buting/bin:/usr/local/bin:/usr/local/bin:/usr/bin:/bin:/usr/sbin:/sbin:/Users/buting/bin
10 verbose lifecycle wdui@0.0.5~build: CWD: /Users/buting/Documents/code/others/wdui
11 silly lifecycle wdui@0.0.5~build: Args: [ '-c',
11 silly lifecycle   'NODE_ENV=production webpack --display-modules --sort-modules-by size' ]
12 silly lifecycle wdui@0.0.5~build: Returned: code: 1  signal: null
13 info lifecycle wdui@0.0.5~build: Failed to exec build script
14 verbose stack Error: wdui@0.0.5 build: `NODE_ENV=production webpack --display-modules --sort-modules-by size`
14 verbose stack Exit status 1
14 verbose stack     at EventEmitter.<anonymous> (/Users/buting/.nvm/versions/node/v5.11.1/lib/node_modules/npm/lib/utils/lifecycle.js:239:16)
14 verbose stack     at emitTwo (events.js:100:13)
14 verbose stack     at EventEmitter.emit (events.js:185:7)
14 verbose stack     at ChildProcess.<anonymous> (/Users/buting/.nvm/versions/node/v5.11.1/lib/node_modules/npm/lib/utils/spawn.js:24:14)
14 verbose stack     at emitTwo (events.js:100:13)
14 verbose stack     at ChildProcess.emit (events.js:185:7)
14 verbose stack     at maybeClose (internal/child_process.js:850:16)
14 verbose stack     at Process.ChildProcess._handle.onexit (internal/child_process.js:215:5)
15 verbose pkgid wdui@0.0.5
16 verbose cwd /Users/buting/Documents/code/others/wdui
17 error Darwin 16.3.0
18 error argv "/Users/buting/.nvm/versions/node/v5.11.1/bin/node" "/Users/buting/.nvm/versions/node/v5.11.1/bin/npm" "run" "build"
19 error node v5.11.1
20 error npm  v3.8.6
21 error code ELIFECYCLE
22 error wdui@0.0.5 build: `NODE_ENV=production webpack --display-modules --sort-modules-by size`
22 error Exit status 1
23 error Failed at the wdui@0.0.5 build script 'NODE_ENV=production webpack --display-modules --sort-modules-by size'.
23 error Make sure you have the latest version of node.js and npm installed.
23 error If you do, this is most likely a problem with the wdui package,
23 error not with npm itself.
23 error Tell the author that this fails on your system:
23 error     NODE_ENV=production webpack --display-modules --sort-modules-by size
23 error You can get information on how to open an issue for this project with:
23 error     npm bugs wdui
23 error Or if that isn't available, you can get their info via:
23 error     npm owner ls wdui
23 error There is likely additional logging output above.
24 verbose exit [ 1, true ]
